-------------------------------------------------------------------------------
Test set: com.order.ListOdOrdersTest
-------------------------------------------------------------------------------
Tests run: 2, Failures: 0, Errors: 1, Skipped: 0, Time elapsed: 0.879 s <<< FAILURE! - in com.order.ListOdOrdersTest
listOfOrdersOfAvtorizationUser(com.order.ListOdOrdersTest)  Time elapsed: 0.584 s  <<< ERROR!
java.lang.IllegalArgumentException: Header value cannot be null
	at com.order.ListOdOrdersTest.listOfOrdersOfAvtorizationUser(ListOdOrdersTest.java:26)

