-------------------------------------------------------------------------------
Test set: com.user.UserTest
-------------------------------------------------------------------------------
Tests run: 3, Failures: 1, Errors: 0, Skipped: 0, Time elapsed: 0.895 s <<< FAILURE! - in com.user.UserTest
createUser(com.user.UserTest)  Time elapsed: 0.289 s  <<< FAILURE!
java.lang.AssertionError: 
1 expectation failed.
Expected status code <200> but was <403>.

	at com.user.UserTest.createUser(UserTest.java:23)

