-------------------------------------------------------------------------------
Test set: com.login.user.LoginUserTest
-------------------------------------------------------------------------------
Tests run: 3, Failures: 1, Errors: 1, Skipped: 0, Time elapsed: 1.933 s <<< FAILURE! - in com.login.user.LoginUserTest
avtorizationUser(com.login.user.LoginUserTest)  Time elapsed: 0.681 s  <<< FAILURE!
java.lang.AssertionError: 
1 expectation failed.
Expected status code <200> but was <401>.

	at com.login.user.LoginUserTest.avtorizationUser(LoginUserTest.java:22)

avtorizationUser(com.login.user.LoginUserTest)  Time elapsed: 0.681 s  <<< ERROR!
java.lang.IllegalArgumentException: Header value cannot be null
	at com.login.user.LoginUserTest.deleteUser(LoginUserTest.java:43)

