<?xml version="1.0" encoding="UTF-8"?>
<testsuite xmlns:xsi="http://www.w3.org/2001/XMLSchema-instance" xsi:noNamespaceSchemaLocation="https://maven.apache.org/surefire/maven-surefire-plugin/xsd/surefire-test-report.xsd" name="com.login.user.LoginUserTest" time="1.933" tests="3" errors="1" skipped="0" failures="1">
  <properties>
[...]
</properties>
  <testcase name="avtorizationWrongUser" classname="com.login.user.LoginUserTest" time="1.245"/>
  <testcase name="avtorizationUser" classname="com.login.user.LoginUserTest" time="0.681">
    <failure message="1 expectation failed.&#10;Expected status code &lt;200&gt; but was &lt;401&gt;.&#10;" type="java.lang.AssertionError"><![CDATA[java.lang.AssertionError: 
1 expectation failed.
Expected status code <200> but was <401>.

	at com.login.user.LoginUserTest.avtorizationUser(LoginUserTest.java:22)
]]></failure>
    <system-out><![CDATA[Request method:	POST
Request URI:	https://stellarburgers.nomoreparties.site/api/auth/login
Proxy:			<none>
Request params:	<none>
Query params:	<none>
Form params:	<none>
Path params:	<none>
Headers:		Accept=*/*
				Content-Type=application/json
Cookies:		<none>
Multiparts:		<none>
Body:
{
    "email": "klkahxo@mail.ru",
    "password": "vhou346723ghjb"
}
HTTP/1.1 401 Unauthorized
Date: Thu, 09 Nov 2023 07:11:16 GMT
Content-Type: application/json; charset=utf-8
Content-Length: 61
Connection: keep-alive
X-Powered-By: Express
Access-Control-Allow-Origin: *
ETag: W/"3d-ad9nrqlzQBuoZ0AId1U3rIgKU84"
CF-Cache-Status: DYNAMIC
Report-To: {"endpoints":[{"url":"https:\/\/a.nel.cloudflare.com\/report\/v3?s=MR9yRP5137%2B1wFD8sFeZ5xYr%2F%2B2iJ5nj6pbW0L1wZHk38WftRNXlDQAjgqTCkychHik0mvn9CId7X1PKqj3Q9gyV3NqLTTuVM2GknXaJtjiL3dcY4DCd3GIzzpsxuMcQa3xIp9OG6IEA%2B1HiiWltxrUFUPk%3D"}],"group":"cf-nel","max_age":604800}
NEL: {"success_fraction":0,"report_to":"cf-nel","max_age":604800}
Server: cloudflare
CF-RAY: 82343da02b39382e-FRA
alt-svc: h3=":443"; ma=86400

{
    "success": false,
    "message": "email or password are incorrect"
}
HTTP/1.1 401 Unauthorized
Date: Thu, 09 Nov 2023 07:11:16 GMT
Content-Type: application/json; charset=utf-8
Content-Length: 61
Connection: keep-alive
X-Powered-By: Express
Access-Control-Allow-Origin: *
ETag: W/"3d-ad9nrqlzQBuoZ0AId1U3rIgKU84"
CF-Cache-Status: DYNAMIC
Report-To: {"endpoints":[{"url":"https:\/\/a.nel.cloudflare.com\/report\/v3?s=MR9yRP5137%2B1wFD8sFeZ5xYr%2F%2B2iJ5nj6pbW0L1wZHk38WftRNXlDQAjgqTCkychHik0mvn9CId7X1PKqj3Q9gyV3NqLTTuVM2GknXaJtjiL3dcY4DCd3GIzzpsxuMcQa3xIp9OG6IEA%2B1HiiWltxrUFUPk%3D"}],"group":"cf-nel","max_age":604800}
NEL: {"success_fraction":0,"report_to":"cf-nel","max_age":604800}
Server: cloudflare
CF-RAY: 82343da02b39382e-FRA
alt-svc: h3=":443"; ma=86400

{
    "success": false,
    "message": "email or password are incorrect"
}
Request method:	POST
Request URI:	https://stellarburgers.nomoreparties.site/api/auth/login
Proxy:			<none>
Request params:	<none>
Query params:	<none>
Form params:	<none>
Path params:	<none>
Headers:		Accept=*/*
				Content-Type=application/json
Cookies:		<none>
Multiparts:		<none>
Body:
{
    "email": "klkahxo@mail.ru",
    "password": "vhou346723ghjb"
}
HTTP/1.1 401 Unauthorized
Date: Thu, 09 Nov 2023 07:11:16 GMT
Content-Type: application/json; charset=utf-8
Content-Length: 61
Connection: keep-alive
X-Powered-By: Express
Access-Control-Allow-Origin: *
ETag: W/"3d-ad9nrqlzQBuoZ0AId1U3rIgKU84"
CF-Cache-Status: DYNAMIC
Report-To: {"endpoints":[{"url":"https:\/\/a.nel.cloudflare.com\/report\/v3?s=QsCkqebMeh0%2Fgfkeq04sxmx4o74uQPVoybcdrVSqN%2Fe%2F1kxZ0R%2BvvVsXmZLXiOCX7xZKynbPlYdJOYKysUA4NK%2FE08GDrDZmVNrqynobGleh1iZduHJjp5qe67JOjkrcrnCywcN8lkxZIJvaHN%2BPUQfbnCQ%3D"}],"group":"cf-nel","max_age":604800}
NEL: {"success_fraction":0,"report_to":"cf-nel","max_age":604800}
Server: cloudflare
CF-RAY: 82343da28e322c4a-FRA
alt-svc: h3=":443"; ma=86400

{
    "success": false,
    "message": "email or password are incorrect"
}
]]></system-out>
  </testcase>
  <testcase name="avtorizationUser" classname="com.login.user.LoginUserTest" time="0.681">
    <error message="Header value cannot be null" type="java.lang.IllegalArgumentException">java.lang.IllegalArgumentException: Header value cannot be null
	at com.login.user.LoginUserTest.deleteUser(LoginUserTest.java:43)
</error>
  </testcase>
</testsuite>